2025-11-19T17:53:32.856188Z	Cloning repository...
2025-11-19T17:53:33.45636Z	From https://github.com/xiaobaiweinuli/BroadcastChannel
2025-11-19T17:53:33.456773Z	 * branch            24c8b4df04f3e747fa17a08586e46fb545cff7da -> FETCH_HEAD
2025-11-19T17:53:33.456876Z	
2025-11-19T17:53:33.49952Z	HEAD is now at 24c8b4d å¢åŠ åŠŸèƒ½
2025-11-19T17:53:33.499988Z	
2025-11-19T17:53:33.578425Z	
2025-11-19T17:53:33.578831Z	Using v2 root directory strategy
2025-11-19T17:53:33.600279Z	Success: Finished cloning repository files
2025-11-19T17:53:35.411701Z	Checking for configuration in a Wrangler configuration file (BETA)
2025-11-19T17:53:35.412274Z	
2025-11-19T17:53:36.515265Z	No wrangler.toml file found. Continuing.
2025-11-19T17:53:36.597588Z	Detected the following tools from environment: nodejs@22.16.0, pnpm@10.22.0
2025-11-19T17:53:36.895312Z	Preparing pnpm@10.22.0 for immediate activation...
2025-11-19T17:53:38.68219Z	Installing project dependencies: pnpm install
2025-11-19T17:53:39.311809Z	Lockfile is up to date, resolution step is skipped
2025-11-19T17:53:39.415003Z	Progress: resolved 1, reused 0, downloaded 0, added 0
2025-11-19T17:53:39.632952Z	Packages: +1207
2025-11-19T17:53:39.63344Z	++++++++++++++++++++++++++++++++++++++++++++++++++++++++++++++++++++++++++++++++
2025-11-19T17:53:40.417256Z	Progress: resolved 1207, reused 0, downloaded 28, added 8
2025-11-19T17:53:41.418632Z	Progress: resolved 1207, reused 0, downloaded 183, added 114
2025-11-19T17:53:42.436803Z	Progress: resolved 1207, reused 0, downloaded 408, added 370
2025-11-19T17:53:43.436698Z	Progress: resolved 1207, reused 0, downloaded 561, added 540
2025-11-19T17:53:44.443357Z	Progress: resolved 1207, reused 0, downloaded 707, added 661
2025-11-19T17:53:45.444158Z	Progress: resolved 1207, reused 0, downloaded 941, added 940
2025-11-19T17:53:46.445391Z	Progress: resolved 1207, reused 0, downloaded 1174, added 1169
2025-11-19T17:53:46.903689Z	Progress: resolved 1207, reused 0, downloaded 1207, added 1207, done
2025-11-19T17:53:47.35606Z	.../node_modules/protobufjs postinstall$ node scripts/postinstall
2025-11-19T17:53:47.407163Z	.../esbuild@0.25.12/node_modules/esbuild postinstall$ node install.js
2025-11-19T17:53:47.408456Z	.../esbuild@0.25.4/node_modules/esbuild postinstall$ node install.js
2025-11-19T17:53:47.409075Z	.../node_modules/workerd postinstall$ node install.js
2025-11-19T17:53:47.421281Z	.../sharp@0.34.5/node_modules/sharp install$ node install/check.js || npm run build
2025-11-19T17:53:47.453138Z	.../node_modules/protobufjs postinstall: Done
2025-11-19T17:53:47.498618Z	.../sharp@0.33.5/node_modules/sharp install$ node install/check
2025-11-19T17:53:47.502109Z	.../esbuild@0.25.12/node_modules/esbuild postinstall: Done
2025-11-19T17:53:47.544159Z	.../esbuild@0.25.4/node_modules/esbuild postinstall: Done
2025-11-19T17:53:47.556979Z	.../node_modules/workerd postinstall: Done
2025-11-19T17:53:47.644824Z	.../sharp@0.34.5/node_modules/sharp install: Done
2025-11-19T17:53:47.645149Z	.../sharp@0.33.5/node_modules/sharp install: Done
2025-11-19T17:53:47.673965Z	.../esbuild@0.25.11/node_modules/esbuild postinstall$ node install.js
2025-11-19T17:53:47.689661Z	.../node_modules/@parcel/watcher install$ node scripts/build-from-source.js
2025-11-19T17:53:47.7008Z	.../node_modules/simple-git-hooks postinstall$ node ./postinstall.js
2025-11-19T17:53:47.719622Z	.../node_modules/@sentry/cli postinstall$ node ./scripts/install.js
2025-11-19T17:53:47.763714Z	.../node_modules/@parcel/watcher install: Done
2025-11-19T17:53:47.791999Z	.../esbuild@0.25.11/node_modules/esbuild postinstall: Done
2025-11-19T17:53:47.849147Z	.../node_modules/simple-git-hooks postinstall: [INFO] Successfully set the pre-commit with command: pnpm lint-staged
2025-11-19T17:53:47.886389Z	.../node_modules/@sentry/cli postinstall: Done
2025-11-19T17:53:48.029254Z	.../node_modules/simple-git-hooks postinstall: Done
2025-11-19T17:53:48.142057Z	
2025-11-19T17:53:48.142363Z	dependencies:
2025-11-19T17:53:48.142543Z	+ @astrojs/rss 4.0.13
2025-11-19T17:53:48.142815Z	+ @sentry/astro 10.25.0
2025-11-19T17:53:48.142958Z	+ cheerio 1.0.0-rc.12
2025-11-19T17:53:48.14314Z	+ dayjs 1.11.19
2025-11-19T17:53:48.143629Z	+ flourite 1.3.0
2025-11-19T17:53:48.143755Z	+ lru-cache 11.2.2
2025-11-19T17:53:48.143917Z	+ ofetch 1.5.1
2025-11-19T17:53:48.144022Z	+ prismjs 1.30.0
2025-11-19T17:53:48.144173Z	+ prismjs-components-importer 0.2.0
2025-11-19T17:53:48.144266Z	+ sanitize-html 2.17.0
2025-11-19T17:53:48.144493Z	
2025-11-19T17:53:48.144837Z	devDependencies:
2025-11-19T17:53:48.145044Z	+ @antfu/eslint-config 6.2.0
2025-11-19T17:53:48.145319Z	+ @astrojs/cloudflare 12.6.10
2025-11-19T17:53:48.145489Z	+ @astrojs/netlify 6.6.0
2025-11-19T17:53:48.145622Z	+ @astrojs/node 9.5.0
2025-11-19T17:53:48.145737Z	+ @astrojs/vercel 9.0.0
2025-11-19T17:53:48.145813Z	+ @types/prismjs 1.26.5
2025-11-19T17:53:48.1459Z	+ astro 5.15.7
2025-11-19T17:53:48.146173Z	+ astro-eslint-parser 1.2.2
2025-11-19T17:53:48.146332Z	+ astro-seo 0.8.4
2025-11-19T17:53:48.146467Z	+ autoprefixer 10.4.22
2025-11-19T17:53:48.146595Z	+ cssnano 7.1.2
2025-11-19T17:53:48.146714Z	+ eslint 9.5.0
2025-11-19T17:53:48.146832Z	+ eslint-plugin-astro 1.5.0
2025-11-19T17:53:48.146949Z	+ eslint-plugin-format 1.0.2
2025-11-19T17:53:48.147072Z	+ lint-staged 16.2.6
2025-11-19T17:53:48.147205Z	+ postcss-nesting 13.0.2
2025-11-19T17:53:48.147336Z	+ prettier-plugin-astro 0.14.1
2025-11-19T17:53:48.147466Z	+ simple-git-hooks 2.13.1
2025-11-19T17:53:48.147595Z	+ std-env 3.10.0
2025-11-19T17:53:48.147707Z	+ typescript 5.9.3
2025-11-19T17:53:48.147815Z	
2025-11-19T17:53:48.147931Z	â•­ Warning â”€â”€â”€â”€â”€â”€â”€â”€â”€â”€â”€â”€â”€â”€â”€â”€â”€â”€â”€â”€â”€â”€â”€â”€â”€â”€â”€â”€â”€â”€â”€â”€â”€â”€â”€â”€â”€â”€â”€â”€â”€â”€â”€â”€â”€â”€â”€â”€â”€â”€â”€â”€â”€â”€â”€â”€â”€â”€â”€â”€â”€â”€â”€â”€â”€â”€â”€â”€â”€â•®
2025-11-19T17:53:48.148059Z	â”‚                                                                              â”‚
2025-11-19T17:53:48.148194Z	â”‚   Ignored build scripts: bufferutil, utf-8-validate.                         â”‚
2025-11-19T17:53:48.148301Z	â”‚   Run "pnpm approve-builds" to pick which dependencies should be allowed     â”‚
2025-11-19T17:53:48.148447Z	â”‚   to run scripts.                                                            â”‚
2025-11-19T17:53:48.148578Z	â”‚                                                                              â”‚
2025-11-19T17:53:48.148882Z	â•°â”€â”€â”€â”€â”€â”€â”€â”€â”€â”€â”€â”€â”€â”€â”€â”€â”€â”€â”€â”€â”€â”€â”€â”€â”€â”€â”€â”€â”€â”€â”€â”€â”€â”€â”€â”€â”€â”€â”€â”€â”€â”€â”€â”€â”€â”€â”€â”€â”€â”€â”€â”€â”€â”€â”€â”€â”€â”€â”€â”€â”€â”€â”€â”€â”€â”€â”€â”€â”€â”€â”€â”€â”€â”€â”€â”€â”€â”€â•¯
2025-11-19T17:53:48.149073Z	
2025-11-19T17:53:48.15684Z	. postinstall$ test -d .git && simple-git-hooks || true
2025-11-19T17:53:48.258784Z	. postinstall: [INFO] Successfully set the pre-commit with command: pnpm lint-staged
2025-11-19T17:53:48.412602Z	. postinstall: [INFO] Successfully set all git hooks
2025-11-19T17:53:48.417883Z	. postinstall: Done
2025-11-19T17:53:48.470345Z	Done in 9.4s using pnpm v10.22.0
2025-11-19T17:53:48.501027Z	Executing user command: npm run build
2025-11-19T17:53:48.962099Z	
2025-11-19T17:53:48.962316Z	> broadcast-channel@0.1.7 build
2025-11-19T17:53:48.962408Z	> astro build
2025-11-19T17:53:48.962495Z	
2025-11-19T17:53:52.413236Z	[2m17:53:52[22m [34m[@astrojs/cloudflare][39m Enabling sessions with Cloudflare KV with the "SESSION" KV binding.
2025-11-19T17:53:52.413586Z	[2m17:53:52[22m [34m[@astrojs/cloudflare][39m If you see the error "Invalid binding `SESSION`" in your build output, you need to add the binding to your wrangler config file.
2025-11-19T17:53:52.42572Z	[33m[1m17:53:52[22m [WARN] [adapter][39m Cloudflare does not support sharp at runtime. However, you can configure `imageService: "compile"` to optimize images with sharp on prerendered pages during build time.
2025-11-19T17:53:53.058694Z	[2m17:53:53[22m [34m[content][39m Syncing content
2025-11-19T17:53:53.062566Z	[2m17:53:53[22m [34m[content][39m Synced content
2025-11-19T17:53:53.063418Z	[2m17:53:53[22m [34m[types][39m Generated [2m612ms[22m
2025-11-19T17:53:53.063819Z	[2m17:53:53[22m [34m[build][39m output: [34m"server"[39m
2025-11-19T17:53:53.063963Z	[2m17:53:53[22m [34m[build][39m mode: [34m"server"[39m
2025-11-19T17:53:53.064093Z	[2m17:53:53[22m [34m[build][39m directory: [34m/opt/buildhome/repo/dist/[39m
2025-11-19T17:53:53.064212Z	[2m17:53:53[22m [34m[build][39m adapter: [32m@astrojs/cloudflare[39m
2025-11-19T17:53:53.064456Z	[2m17:53:53[22m [34m[build][39m Collecting build info...
2025-11-19T17:53:53.064808Z	[2m17:53:53[22m [34m[build][39m [32mâœ“ Completed in 653ms.[39m
2025-11-19T17:53:53.065936Z	[2m17:53:53[22m [34m[build][39m Building server entrypoints...
2025-11-19T17:53:56.908418Z	[2m17:53:56[22m [34m[vite][39m [32mâœ“ built in 3.81s[39m
2025-11-19T17:53:56.908661Z	[2m17:53:56[22m [34m[build][39m [32mâœ“ Completed in 3.84s.[39m
2025-11-19T17:53:56.934188Z	
2025-11-19T17:53:56.934424Z	[42m[30m prerendering static routes [39m[49m
2025-11-19T17:53:56.934639Z	[2m17:53:56[22m [32mâœ“ Completed in 12ms.
2025-11-19T17:53:56.934792Z	[39m
2025-11-19T17:53:56.935187Z	[2m17:53:56[22m [34m[build][39m Rearranging server assets...
2025-11-19T17:53:56.940968Z	[2m17:53:56[22m [34m[build][39m Server built in [1m4.53s[22m
2025-11-19T17:53:56.941172Z	[2m17:53:56[22m [34m[build][39m [1mComplete![22m
2025-11-19T17:53:56.997248Z	Finished
2025-11-19T17:53:57.823686Z	Checking for configuration in a Wrangler configuration file (BETA)
2025-11-19T17:53:57.824169Z	
2025-11-19T17:53:58.9298Z	No wrangler.toml file found. Continuing.
2025-11-19T17:53:58.930362Z	Found _worker.js in output directory. Uploading.
2025-11-19T17:53:58.936979Z	 â›…ï¸ wrangler 3.101.0
2025-11-19T17:53:58.937206Z	-------------------
2025-11-19T17:53:59.788708Z	Attaching additional modules:
2025-11-19T17:53:59.80339Z	â”Œâ”€â”€â”€â”€â”€â”€â”€â”€â”€â”€â”€â”€â”€â”€â”€â”€â”€â”€â”€â”€â”€â”€â”€â”€â”€â”€â”€â”€â”€â”€â”€â”€â”€â”€â”€â”€â”€â”€â”€â”€â”€â”€â”€â”€â”€â”€â”€â”€â”¬â”€â”€â”€â”€â”€â”€â”¬â”€â”€â”€â”€â”€â”€â”€â”€â”€â”€â”€â”€â”€â”
2025-11-19T17:53:59.803638Z	â”‚ Name                                           â”‚ Type â”‚ Size        â”‚
2025-11-19T17:53:59.803863Z	â”œâ”€â”€â”€â”€â”€â”€â”€â”€â”€â”€â”€â”€â”€â”€â”€â”€â”€â”€â”€â”€â”€â”€â”€â”€â”€â”€â”€â”€â”€â”€â”€â”€â”€â”€â”€â”€â”€â”€â”€â”€â”€â”€â”€â”€â”€â”€â”€â”€â”¼â”€â”€â”€â”€â”€â”€â”¼â”€â”€â”€â”€â”€â”€â”€â”€â”€â”€â”€â”€â”€â”¤
2025-11-19T17:53:59.803995Z	â”‚ _@astrojs-ssr-adapter.mjs                      â”‚ esm  â”‚ 0.14 KiB    â”‚
2025-11-19T17:53:59.804169Z	â”œâ”€â”€â”€â”€â”€â”€â”€â”€â”€â”€â”€â”€â”€â”€â”€â”€â”€â”€â”€â”€â”€â”€â”€â”€â”€â”€â”€â”€â”€â”€â”€â”€â”€â”€â”€â”€â”€â”€â”€â”€â”€â”€â”€â”€â”€â”€â”€â”€â”¼â”€â”€â”€â”€â”€â”€â”¼â”€â”€â”€â”€â”€â”€â”€â”€â”€â”€â”€â”€â”€â”¤
2025-11-19T17:53:59.804421Z	â”‚ _astro-internal_middleware.mjs                 â”‚ esm  â”‚ 1.34 KiB    â”‚
2025-11-19T17:53:59.804537Z	â”œâ”€â”€â”€â”€â”€â”€â”€â”€â”€â”€â”€â”€â”€â”€â”€â”€â”€â”€â”€â”€â”€â”€â”€â”€â”€â”€â”€â”€â”€â”€â”€â”€â”€â”€â”€â”€â”€â”€â”€â”€â”€â”€â”€â”€â”€â”€â”€â”€â”¼â”€â”€â”€â”€â”€â”€â”¼â”€â”€â”€â”€â”€â”€â”€â”€â”€â”€â”€â”€â”€â”¤
2025-11-19T17:53:59.804749Z	â”‚ chunks/_@astrojs-ssr-adapter_BK-AVGDX.mjs      â”‚ esm  â”‚ 38.37 KiB   â”‚
2025-11-19T17:53:59.804925Z	â”œâ”€â”€â”€â”€â”€â”€â”€â”€â”€â”€â”€â”€â”€â”€â”€â”€â”€â”€â”€â”€â”€â”€â”€â”€â”€â”€â”€â”€â”€â”€â”€â”€â”€â”€â”€â”€â”€â”€â”€â”€â”€â”€â”€â”€â”€â”€â”€â”€â”¼â”€â”€â”€â”€â”€â”€â”¼â”€â”€â”€â”€â”€â”€â”€â”€â”€â”€â”€â”€â”€â”¤
2025-11-19T17:53:59.805156Z	â”‚ chunks/astro/server_BAEAv7gR.mjs               â”‚ esm  â”‚ 251.68 KiB  â”‚
2025-11-19T17:53:59.805253Z	â”œâ”€â”€â”€â”€â”€â”€â”€â”€â”€â”€â”€â”€â”€â”€â”€â”€â”€â”€â”€â”€â”€â”€â”€â”€â”€â”€â”€â”€â”€â”€â”€â”€â”€â”€â”€â”€â”€â”€â”€â”€â”€â”€â”€â”€â”€â”€â”€â”€â”¼â”€â”€â”€â”€â”€â”€â”¼â”€â”€â”€â”€â”€â”€â”€â”€â”€â”€â”€â”€â”€â”¤
2025-11-19T17:53:59.805465Z	â”‚ chunks/astro-designed-error-pages_Bk-eRx7O.mjs â”‚ esm  â”‚ 48.30 KiB   â”‚
2025-11-19T17:53:59.805578Z	â”œâ”€â”€â”€â”€â”€â”€â”€â”€â”€â”€â”€â”€â”€â”€â”€â”€â”€â”€â”€â”€â”€â”€â”€â”€â”€â”€â”€â”€â”€â”€â”€â”€â”€â”€â”€â”€â”€â”€â”€â”€â”€â”€â”€â”€â”€â”€â”€â”€â”¼â”€â”€â”€â”€â”€â”€â”¼â”€â”€â”€â”€â”€â”€â”€â”€â”€â”€â”€â”€â”€â”¤
2025-11-19T17:53:59.805678Z	â”‚ chunks/cloudflare-kv-binding_DMly_2Gl.mjs      â”‚ esm  â”‚ 2.94 KiB    â”‚
2025-11-19T17:53:59.80579Z	â”œâ”€â”€â”€â”€â”€â”€â”€â”€â”€â”€â”€â”€â”€â”€â”€â”€â”€â”€â”€â”€â”€â”€â”€â”€â”€â”€â”€â”€â”€â”€â”€â”€â”€â”€â”€â”€â”€â”€â”€â”€â”€â”€â”€â”€â”€â”€â”€â”€â”¼â”€â”€â”€â”€â”€â”€â”¼â”€â”€â”€â”€â”€â”€â”€â”€â”€â”€â”€â”€â”€â”¤
2025-11-19T17:53:59.805922Z	â”‚ chunks/header_DxP31iHj.mjs                     â”‚ esm  â”‚ 44.47 KiB   â”‚
2025-11-19T17:53:59.806142Z	â”œâ”€â”€â”€â”€â”€â”€â”€â”€â”€â”€â”€â”€â”€â”€â”€â”€â”€â”€â”€â”€â”€â”€â”€â”€â”€â”€â”€â”€â”€â”€â”€â”€â”€â”€â”€â”€â”€â”€â”€â”€â”€â”€â”€â”€â”€â”€â”€â”€â”¼â”€â”€â”€â”€â”€â”€â”¼â”€â”€â”€â”€â”€â”€â”€â”€â”€â”€â”€â”€â”€â”¤
2025-11-19T17:53:59.806269Z	â”‚ chunks/image-endpoint_VeK95vZ1.mjs             â”‚ esm  â”‚ 60.37 KiB   â”‚
2025-11-19T17:53:59.806359Z	â”œâ”€â”€â”€â”€â”€â”€â”€â”€â”€â”€â”€â”€â”€â”€â”€â”€â”€â”€â”€â”€â”€â”€â”€â”€â”€â”€â”€â”€â”€â”€â”€â”€â”€â”€â”€â”€â”€â”€â”€â”€â”€â”€â”€â”€â”€â”€â”€â”€â”¼â”€â”€â”€â”€â”€â”€â”¼â”€â”€â”€â”€â”€â”€â”€â”€â”€â”€â”€â”€â”€â”¤
2025-11-19T17:53:59.806422Z	â”‚ chunks/index_BG4E2DNQ.mjs                      â”‚ esm  â”‚ 100.56 KiB  â”‚
2025-11-19T17:53:59.806616Z	â”œâ”€â”€â”€â”€â”€â”€â”€â”€â”€â”€â”€â”€â”€â”€â”€â”€â”€â”€â”€â”€â”€â”€â”€â”€â”€â”€â”€â”€â”€â”€â”€â”€â”€â”€â”€â”€â”€â”€â”€â”€â”€â”€â”€â”€â”€â”€â”€â”€â”¼â”€â”€â”€â”€â”€â”€â”¼â”€â”€â”€â”€â”€â”€â”€â”€â”€â”€â”€â”€â”€â”¤
2025-11-19T17:53:59.806879Z	â”‚ chunks/index_Bs8qkUDR.mjs                      â”‚ esm  â”‚ 913.97 KiB  â”‚
2025-11-19T17:53:59.807047Z	â”œâ”€â”€â”€â”€â”€â”€â”€â”€â”€â”€â”€â”€â”€â”€â”€â”€â”€â”€â”€â”€â”€â”€â”€â”€â”€â”€â”€â”€â”€â”€â”€â”€â”€â”€â”€â”€â”€â”€â”€â”€â”€â”€â”€â”€â”€â”€â”€â”€â”¼â”€â”€â”€â”€â”€â”€â”¼â”€â”€â”€â”€â”€â”€â”€â”€â”€â”€â”€â”€â”€â”¤
2025-11-19T17:53:59.807214Z	â”‚ chunks/index_kNqJKPB1.mjs                      â”‚ esm  â”‚ 2.03 KiB    â”‚
2025-11-19T17:53:59.807352Z	â”œâ”€â”€â”€â”€â”€â”€â”€â”€â”€â”€â”€â”€â”€â”€â”€â”€â”€â”€â”€â”€â”€â”€â”€â”€â”€â”€â”€â”€â”€â”€â”€â”€â”€â”€â”€â”€â”€â”€â”€â”€â”€â”€â”€â”€â”€â”€â”€â”€â”¼â”€â”€â”€â”€â”€â”€â”¼â”€â”€â”€â”€â”€â”€â”€â”€â”€â”€â”€â”€â”€â”¤
2025-11-19T17:53:59.807491Z	â”‚ chunks/list_CY365PWC.mjs                       â”‚ esm  â”‚ 223.88 KiB  â”‚
2025-11-19T17:53:59.807622Z	â”œâ”€â”€â”€â”€â”€â”€â”€â”€â”€â”€â”€â”€â”€â”€â”€â”€â”€â”€â”€â”€â”€â”€â”€â”€â”€â”€â”€â”€â”€â”€â”€â”€â”€â”€â”€â”€â”€â”€â”€â”€â”€â”€â”€â”€â”€â”€â”€â”€â”¼â”€â”€â”€â”€â”€â”€â”¼â”€â”€â”€â”€â”€â”€â”€â”€â”€â”€â”€â”€â”€â”¤
2025-11-19T17:53:59.807752Z	â”‚ chunks/noop-middleware_CDQXhFA4.mjs            â”‚ esm  â”‚ 0.33 KiB    â”‚
2025-11-19T17:53:59.807873Z	â”œâ”€â”€â”€â”€â”€â”€â”€â”€â”€â”€â”€â”€â”€â”€â”€â”€â”€â”€â”€â”€â”€â”€â”€â”€â”€â”€â”€â”€â”€â”€â”€â”€â”€â”€â”€â”€â”€â”€â”€â”€â”€â”€â”€â”€â”€â”€â”€â”€â”¼â”€â”€â”€â”€â”€â”€â”¼â”€â”€â”€â”€â”€â”€â”€â”€â”€â”€â”€â”€â”€â”¤
2025-11-19T17:53:59.808201Z	â”‚ chunks/path_CH3auf61.mjs                       â”‚ esm  â”‚ 3.01 KiB    â”‚
2025-11-19T17:53:59.80858Z	â”œâ”€â”€â”€â”€â”€â”€â”€â”€â”€â”€â”€â”€â”€â”€â”€â”€â”€â”€â”€â”€â”€â”€â”€â”€â”€â”€â”€â”€â”€â”€â”€â”€â”€â”€â”€â”€â”€â”€â”€â”€â”€â”€â”€â”€â”€â”€â”€â”€â”¼â”€â”€â”€â”€â”€â”€â”¼â”€â”€â”€â”€â”€â”€â”€â”€â”€â”€â”€â”€â”€â”¤
2025-11-19T17:53:59.809424Z	â”‚ chunks/remote_BC1y8RCW.mjs                     â”‚ esm  â”‚ 2.15 KiB    â”‚
2025-11-19T17:53:59.810108Z	â”œâ”€â”€â”€â”€â”€â”€â”€â”€â”€â”€â”€â”€â”€â”€â”€â”€â”€â”€â”€â”€â”€â”€â”€â”€â”€â”€â”€â”€â”€â”€â”€â”€â”€â”€â”€â”€â”€â”€â”€â”€â”€â”€â”€â”€â”€â”€â”€â”€â”¼â”€â”€â”€â”€â”€â”€â”¼â”€â”€â”€â”€â”€â”€â”€â”€â”€â”€â”€â”€â”€â”¤
2025-11-19T17:53:59.810357Z	â”‚ chunks/sharp_OGG7ED9w.mjs                      â”‚ esm  â”‚ 3.12 KiB    â”‚
2025-11-19T17:53:59.810461Z	â”œâ”€â”€â”€â”€â”€â”€â”€â”€â”€â”€â”€â”€â”€â”€â”€â”€â”€â”€â”€â”€â”€â”€â”€â”€â”€â”€â”€â”€â”€â”€â”€â”€â”€â”€â”€â”€â”€â”€â”€â”€â”€â”€â”€â”€â”€â”€â”€â”€â”¼â”€â”€â”€â”€â”€â”€â”¼â”€â”€â”€â”€â”€â”€â”€â”€â”€â”€â”€â”€â”€â”¤
2025-11-19T17:53:59.810544Z	â”‚ manifest_wma4nM_i.mjs                          â”‚ esm  â”‚ 18.79 KiB   â”‚
2025-11-19T17:53:59.810649Z	â”œâ”€â”€â”€â”€â”€â”€â”€â”€â”€â”€â”€â”€â”€â”€â”€â”€â”€â”€â”€â”€â”€â”€â”€â”€â”€â”€â”€â”€â”€â”€â”€â”€â”€â”€â”€â”€â”€â”€â”€â”€â”€â”€â”€â”€â”€â”€â”€â”€â”¼â”€â”€â”€â”€â”€â”€â”¼â”€â”€â”€â”€â”€â”€â”€â”€â”€â”€â”€â”€â”€â”¤
2025-11-19T17:53:59.810739Z	â”‚ noop-entrypoint.mjs                            â”‚ esm  â”‚ 0.09 KiB    â”‚
2025-11-19T17:53:59.810826Z	â”œâ”€â”€â”€â”€â”€â”€â”€â”€â”€â”€â”€â”€â”€â”€â”€â”€â”€â”€â”€â”€â”€â”€â”€â”€â”€â”€â”€â”€â”€â”€â”€â”€â”€â”€â”€â”€â”€â”€â”€â”€â”€â”€â”€â”€â”€â”€â”€â”€â”¼â”€â”€â”€â”€â”€â”€â”¼â”€â”€â”€â”€â”€â”€â”€â”€â”€â”€â”€â”€â”€â”¤
2025-11-19T17:53:59.810926Z	â”‚ pages/_image.astro.mjs                         â”‚ esm  â”‚ 0.17 KiB    â”‚
2025-11-19T17:53:59.811041Z	â”œâ”€â”€â”€â”€â”€â”€â”€â”€â”€â”€â”€â”€â”€â”€â”€â”€â”€â”€â”€â”€â”€â”€â”€â”€â”€â”€â”€â”€â”€â”€â”€â”€â”€â”€â”€â”€â”€â”€â”€â”€â”€â”€â”€â”€â”€â”€â”€â”€â”¼â”€â”€â”€â”€â”€â”€â”¼â”€â”€â”€â”€â”€â”€â”€â”€â”€â”€â”€â”€â”€â”¤
2025-11-19T17:53:59.811177Z	â”‚ pages/after/_cursor_.astro.mjs                 â”‚ esm  â”‚ 1.18 KiB    â”‚
2025-11-19T17:53:59.811288Z	â”œâ”€â”€â”€â”€â”€â”€â”€â”€â”€â”€â”€â”€â”€â”€â”€â”€â”€â”€â”€â”€â”€â”€â”€â”€â”€â”€â”€â”€â”€â”€â”€â”€â”€â”€â”€â”€â”€â”€â”€â”€â”€â”€â”€â”€â”€â”€â”€â”€â”¼â”€â”€â”€â”€â”€â”€â”¼â”€â”€â”€â”€â”€â”€â”€â”€â”€â”€â”€â”€â”€â”¤
2025-11-19T17:53:59.811391Z	â”‚ pages/before/_cursor_.astro.mjs                â”‚ esm  â”‚ 1.18 KiB    â”‚
2025-11-19T17:53:59.811497Z	â”œâ”€â”€â”€â”€â”€â”€â”€â”€â”€â”€â”€â”€â”€â”€â”€â”€â”€â”€â”€â”€â”€â”€â”€â”€â”€â”€â”€â”€â”€â”€â”€â”€â”€â”€â”€â”€â”€â”€â”€â”€â”€â”€â”€â”€â”€â”€â”€â”€â”¼â”€â”€â”€â”€â”€â”€â”¼â”€â”€â”€â”€â”€â”€â”€â”€â”€â”€â”€â”€â”€â”¤
2025-11-19T17:53:59.811595Z	â”‚ pages/index.astro.mjs                          â”‚ esm  â”‚ 1.07 KiB    â”‚
2025-11-19T17:53:59.811693Z	â”œâ”€â”€â”€â”€â”€â”€â”€â”€â”€â”€â”€â”€â”€â”€â”€â”€â”€â”€â”€â”€â”€â”€â”€â”€â”€â”€â”€â”€â”€â”€â”€â”€â”€â”€â”€â”€â”€â”€â”€â”€â”€â”€â”€â”€â”€â”€â”€â”€â”¼â”€â”€â”€â”€â”€â”€â”¼â”€â”€â”€â”€â”€â”€â”€â”€â”€â”€â”€â”€â”€â”¤
2025-11-19T17:53:59.811802Z	â”‚ pages/links.astro.mjs                          â”‚ esm  â”‚ 2.14 KiB    â”‚
2025-11-19T17:53:59.811904Z	â”œâ”€â”€â”€â”€â”€â”€â”€â”€â”€â”€â”€â”€â”€â”€â”€â”€â”€â”€â”€â”€â”€â”€â”€â”€â”€â”€â”€â”€â”€â”€â”€â”€â”€â”€â”€â”€â”€â”€â”€â”€â”€â”€â”€â”€â”€â”€â”€â”€â”¼â”€â”€â”€â”€â”€â”€â”¼â”€â”€â”€â”€â”€â”€â”€â”€â”€â”€â”€â”€â”€â”¤
2025-11-19T17:53:59.812016Z	â”‚ pages/posts/_id_.astro.mjs                     â”‚ esm  â”‚ 2.17 KiB    â”‚
2025-11-19T17:53:59.812134Z	â”œâ”€â”€â”€â”€â”€â”€â”€â”€â”€â”€â”€â”€â”€â”€â”€â”€â”€â”€â”€â”€â”€â”€â”€â”€â”€â”€â”€â”€â”€â”€â”€â”€â”€â”€â”€â”€â”€â”€â”€â”€â”€â”€â”€â”€â”€â”€â”€â”€â”¼â”€â”€â”€â”€â”€â”€â”¼â”€â”€â”€â”€â”€â”€â”€â”€â”€â”€â”€â”€â”€â”¤
2025-11-19T17:53:59.81225Z	â”‚ pages/rss.json.astro.mjs                       â”‚ esm  â”‚ 1.16 KiB    â”‚
2025-11-19T17:53:59.812355Z	â”œâ”€â”€â”€â”€â”€â”€â”€â”€â”€â”€â”€â”€â”€â”€â”€â”€â”€â”€â”€â”€â”€â”€â”€â”€â”€â”€â”€â”€â”€â”€â”€â”€â”€â”€â”€â”€â”€â”€â”€â”€â”€â”€â”€â”€â”€â”€â”€â”€â”¼â”€â”€â”€â”€â”€â”€â”¼â”€â”€â”€â”€â”€â”€â”€â”€â”€â”€â”€â”€â”€â”¤
2025-11-19T17:53:59.812458Z	â”‚ pages/rss.xml.astro.mjs                        â”‚ esm  â”‚ 496.92 KiB  â”‚
2025-11-19T17:53:59.812561Z	â”œâ”€â”€â”€â”€â”€â”€â”€â”€â”€â”€â”€â”€â”€â”€â”€â”€â”€â”€â”€â”€â”€â”€â”€â”€â”€â”€â”€â”€â”€â”€â”€â”€â”€â”€â”€â”€â”€â”€â”€â”€â”€â”€â”€â”€â”€â”€â”€â”€â”¼â”€â”€â”€â”€â”€â”€â”¼â”€â”€â”€â”€â”€â”€â”€â”€â”€â”€â”€â”€â”€â”¤
2025-11-19T17:53:59.812669Z	â”‚ pages/rules/prefetch.json.astro.mjs            â”‚ esm  â”‚ 0.65 KiB    â”‚
2025-11-19T17:53:59.812769Z	â”œâ”€â”€â”€â”€â”€â”€â”€â”€â”€â”€â”€â”€â”€â”€â”€â”€â”€â”€â”€â”€â”€â”€â”€â”€â”€â”€â”€â”€â”€â”€â”€â”€â”€â”€â”€â”€â”€â”€â”€â”€â”€â”€â”€â”€â”€â”€â”€â”€â”¼â”€â”€â”€â”€â”€â”€â”¼â”€â”€â”€â”€â”€â”€â”€â”€â”€â”€â”€â”€â”€â”¤
2025-11-19T17:53:59.812865Z	â”‚ pages/search/_q_.astro.mjs                     â”‚ esm  â”‚ 1.61 KiB    â”‚
2025-11-19T17:53:59.812974Z	â”œâ”€â”€â”€â”€â”€â”€â”€â”€â”€â”€â”€â”€â”€â”€â”€â”€â”€â”€â”€â”€â”€â”€â”€â”€â”€â”€â”€â”€â”€â”€â”€â”€â”€â”€â”€â”€â”€â”€â”€â”€â”€â”€â”€â”€â”€â”€â”€â”€â”¼â”€â”€â”€â”€â”€â”€â”¼â”€â”€â”€â”€â”€â”€â”€â”€â”€â”€â”€â”€â”€â”¤
2025-11-19T17:53:59.813091Z	â”‚ pages/search/tag/_tag_.astro.mjs               â”‚ esm  â”‚ 1.31 KiB    â”‚
2025-11-19T17:53:59.813203Z	â”œâ”€â”€â”€â”€â”€â”€â”€â”€â”€â”€â”€â”€â”€â”€â”€â”€â”€â”€â”€â”€â”€â”€â”€â”€â”€â”€â”€â”€â”€â”€â”€â”€â”€â”€â”€â”€â”€â”€â”€â”€â”€â”€â”€â”€â”€â”€â”€â”€â”¼â”€â”€â”€â”€â”€â”€â”¼â”€â”€â”€â”€â”€â”€â”€â”€â”€â”€â”€â”€â”€â”¤
2025-11-19T17:53:59.813292Z	â”‚ pages/search.astro.mjs                         â”‚ esm  â”‚ 0.92 KiB    â”‚
2025-11-19T17:53:59.813368Z	â”œâ”€â”€â”€â”€â”€â”€â”€â”€â”€â”€â”€â”€â”€â”€â”€â”€â”€â”€â”€â”€â”€â”€â”€â”€â”€â”€â”€â”€â”€â”€â”€â”€â”€â”€â”€â”€â”€â”€â”€â”€â”€â”€â”€â”€â”€â”€â”€â”€â”¼â”€â”€â”€â”€â”€â”€â”¼â”€â”€â”€â”€â”€â”€â”€â”€â”€â”€â”€â”€â”€â”¤
2025-11-19T17:53:59.813464Z	â”‚ pages/sitemap/_cursor_.xml.astro.mjs           â”‚ esm  â”‚ 0.98 KiB    â”‚
2025-11-19T17:53:59.81355Z	â”œâ”€â”€â”€â”€â”€â”€â”€â”€â”€â”€â”€â”€â”€â”€â”€â”€â”€â”€â”€â”€â”€â”€â”€â”€â”€â”€â”€â”€â”€â”€â”€â”€â”€â”€â”€â”€â”€â”€â”€â”€â”€â”€â”€â”€â”€â”€â”€â”€â”¼â”€â”€â”€â”€â”€â”€â”¼â”€â”€â”€â”€â”€â”€â”€â”€â”€â”€â”€â”€â”€â”¤
2025-11-19T17:53:59.813682Z	â”‚ pages/sitemap.xml.astro.mjs                    â”‚ esm  â”‚ 1.07 KiB    â”‚
2025-11-19T17:53:59.813752Z	â”œâ”€â”€â”€â”€â”€â”€â”€â”€â”€â”€â”€â”€â”€â”€â”€â”€â”€â”€â”€â”€â”€â”€â”€â”€â”€â”€â”€â”€â”€â”€â”€â”€â”€â”€â”€â”€â”€â”€â”€â”€â”€â”€â”€â”€â”€â”€â”€â”€â”¼â”€â”€â”€â”€â”€â”€â”¼â”€â”€â”€â”€â”€â”€â”€â”€â”€â”€â”€â”€â”€â”¤
2025-11-19T17:53:59.813829Z	â”‚ pages/static/_---url_.astro.mjs                â”‚ esm  â”‚ 0.87 KiB    â”‚
2025-11-19T17:53:59.813923Z	â”œâ”€â”€â”€â”€â”€â”€â”€â”€â”€â”€â”€â”€â”€â”€â”€â”€â”€â”€â”€â”€â”€â”€â”€â”€â”€â”€â”€â”€â”€â”€â”€â”€â”€â”€â”€â”€â”€â”€â”€â”€â”€â”€â”€â”€â”€â”€â”€â”€â”¼â”€â”€â”€â”€â”€â”€â”¼â”€â”€â”€â”€â”€â”€â”€â”€â”€â”€â”€â”€â”€â”¤
2025-11-19T17:53:59.814022Z	â”‚ pages/tags.astro.mjs                           â”‚ esm  â”‚ 2.78 KiB    â”‚
2025-11-19T17:53:59.814186Z	â”œâ”€â”€â”€â”€â”€â”€â”€â”€â”€â”€â”€â”€â”€â”€â”€â”€â”€â”€â”€â”€â”€â”€â”€â”€â”€â”€â”€â”€â”€â”€â”€â”€â”€â”€â”€â”€â”€â”€â”€â”€â”€â”€â”€â”€â”€â”€â”€â”€â”¼â”€â”€â”€â”€â”€â”€â”¼â”€â”€â”€â”€â”€â”€â”€â”€â”€â”€â”€â”€â”€â”¤
2025-11-19T17:53:59.814297Z	â”‚ renderers.mjs                                  â”‚ esm  â”‚ 0.10 KiB    â”‚
2025-11-19T17:53:59.814407Z	â”œâ”€â”€â”€â”€â”€â”€â”€â”€â”€â”€â”€â”€â”€â”€â”€â”€â”€â”€â”€â”€â”€â”€â”€â”€â”€â”€â”€â”€â”€â”€â”€â”€â”€â”€â”€â”€â”€â”€â”€â”€â”€â”€â”€â”€â”€â”€â”€â”€â”¼â”€â”€â”€â”€â”€â”€â”¼â”€â”€â”€â”€â”€â”€â”€â”€â”€â”€â”€â”€â”€â”¤
2025-11-19T17:53:59.814512Z	â”‚ Total (35 modules)                             â”‚      â”‚ 2231.79 KiB â”‚
2025-11-19T17:53:59.814625Z	â””â”€â”€â”€â”€â”€â”€â”€â”€â”€â”€â”€â”€â”€â”€â”€â”€â”€â”€â”€â”€â”€â”€â”€â”€â”€â”€â”€â”€â”€â”€â”€â”€â”€â”€â”€â”€â”€â”€â”€â”€â”€â”€â”€â”€â”€â”€â”€â”€â”´â”€â”€â”€â”€â”€â”€â”´â”€â”€â”€â”€â”€â”€â”€â”€â”€â”€â”€â”€â”€â”˜
2025-11-19T17:53:59.85959Z	âœ¨ Compiled Worker successfully
2025-11-19T17:54:00.979179Z	Found _routes.json in output directory. Uploading.
2025-11-19T17:54:00.991017Z	Validating asset output directory
2025-11-19T17:54:03.767128Z	Deploying your site to Cloudflare's global network...
2025-11-19T17:54:09.281732Z	Uploading... (16/16)
2025-11-19T17:54:09.282573Z	âœ¨ Success! Uploaded 0 files (16 already uploaded) (0.44 sec)
2025-11-19T17:54:09.282731Z	
2025-11-19T17:54:09.55701Z	âœ¨ Upload complete!
2025-11-19T17:54:15.176958Z	Success: Assets published!
2025-11-19T17:54:19.648158Z	Success: Your site was deployed!